This is pdfTeX, Version 3.14159265-2.6-1.40.19 (MiKTeX 2.9.6630 64-bit) (preloaded format=pdflatex 2018.6.17)  3 OCT 2018 07:44
entering extended mode
**./SCRNPLAY.TEX
(SCRNPLAY.TEX
LaTeX2e <2017-04-15>
Babel <3.18> and hyphenation patterns for 75 language(s) loaded.
ScriptTeX 1.04, 10-MAR-2002, typed screenplay format
\lineskip=\dimen102
\charwid=\dimen103
\rightmar=\dimen104
\actcnt=\count79
\scenecnt=\count80
)
! Emergency stop.
<*> ./SCRNPLAY.TEX
                  
*** (job aborted, no legal \end found)

 
Here is how much of TeX's memory you used:
 115 strings out of 493305
 943 string characters out of 3125885
 53825 words of memory out of 3000000
 3763 multiletter control sequences out of 15000+200000
 3978 words of font info for 16 fonts, out of 3000000 for 9000
 1141 hyphenation exceptions out of 8191
 5i,0n,10p,101b,11s stack positions out of 5000i,500n,10000p,200000b,50000s
!  ==> Fatal error occurred, no output PDF file produced!
